SF:lib/features/auth/data/mock_auth_repository.dart
DA:9,1
DA:10,2
DA:11,1
DA:12,2
DA:13,2
DA:14,3
DA:21,1
DA:22,2
DA:24,1
DA:26,1
DA:27,3
DA:28,4
DA:31,1
DA:33,1
DA:34,3
DA:35,4
DA:38,1
DA:40,1
DA:41,3
DA:42,4
DA:45,1
DA:47,1
DA:48,2
DA:49,2
LF:24
LH:24
end_of_record
SF:lib/features/analysis/data/comprehensive_audio_analyzer.dart
DA:12,0
DA:14,0
DA:15,0
DA:19,1
DA:21,1
DA:22,1
DA:23,0
DA:24,0
DA:28,1
DA:29,2
DA:30,0
DA:33,2
DA:37,2
DA:38,1
DA:42,3
DA:43,1
DA:46,1
DA:47,2
DA:48,3
DA:49,2
DA:53,1
DA:54,1
DA:55,1
DA:56,1
DA:57,1
DA:58,1
DA:59,1
DA:61,1
DA:63,1
DA:64,1
DA:65,1
DA:66,1
DA:69,1
DA:70,1
DA:71,1
DA:74,1
DA:75,1
DA:76,1
DA:79,1
DA:80,1
DA:81,1
DA:82,1
DA:86,1
DA:87,1
DA:90,1
DA:91,1
DA:92,1
DA:93,1
DA:96,1
DA:97,1
DA:100,1
DA:101,1
DA:104,0
DA:105,0
DA:110,1
DA:112,2
DA:114,1
DA:115,1
DA:117,2
DA:118,1
DA:119,3
DA:120,1
DA:122,2
DA:126,4
DA:127,2
DA:128,1
DA:131,1
DA:132,2
DA:133,4
DA:137,1
DA:138,1
DA:139,1
DA:142,1
DA:144,5
DA:145,4
DA:146,4
DA:147,3
DA:148,3
DA:152,1
DA:156,5
DA:158,1
DA:159,2
DA:160,3
DA:161,1
DA:166,2
DA:167,2
DA:169,2
DA:170,1
DA:171,4
DA:172,3
DA:173,1
DA:180,1
DA:181,5
DA:184,2
DA:186,2
DA:187,3
DA:189,2
DA:190,1
DA:191,4
DA:195,1
DA:196,2
DA:197,2
DA:198,3
DA:199,3
DA:203,2
DA:204,5
DA:206,1
DA:207,1
DA:208,5
DA:210,5
DA:217,1
DA:221,2
DA:222,1
DA:223,2
DA:224,1
DA:227,3
DA:230,1
DA:232,3
DA:235,5
DA:236,3
DA:237,1
DA:239,2
DA:242,5
DA:244,2
DA:245,3
DA:247,2
DA:248,4
DA:250,1
DA:258,1
DA:260,3
DA:263,1
DA:264,3
DA:265,4
DA:268,1
DA:269,1
DA:270,1
DA:275,4
DA:276,2
DA:277,1
DA:282,2
DA:285,1
DA:287,2
DA:288,1
DA:289,2
DA:290,2
DA:291,2
DA:292,2
DA:296,3
DA:301,4
DA:302,2
DA:303,3
DA:304,2
DA:306,2
DA:310,2
DA:311,2
DA:313,1
DA:321,1
DA:323,2
DA:325,1
DA:331,2
DA:332,1
DA:333,4
DA:335,2
DA:337,1
DA:338,2
DA:339,4
DA:342,1
DA:343,1
DA:344,1
DA:349,4
DA:350,2
DA:351,3
DA:352,2
DA:355,3
DA:356,3
DA:357,2
DA:360,4
DA:363,1
DA:364,2
DA:368,2
DA:369,3
DA:370,3
DA:371,3
DA:373,1
DA:382,1
DA:385,2
DA:386,2
DA:388,3
DA:391,2
DA:392,3
DA:395,1
DA:396,1
DA:398,1
DA:405,1
DA:408,1
DA:410,3
DA:412,5
DA:413,4
DA:415,3
DA:419,1
DA:420,5
DA:421,1
DA:423,4
DA:424,2
DA:425,0
DA:426,0
DA:427,0
DA:431,2
DA:435,2
DA:437,0
DA:438,0
DA:439,0
DA:441,0
DA:442,0
DA:446,0
DA:447,0
DA:449,0
DA:450,0
DA:453,1
DA:462,1
DA:467,2
DA:468,2
DA:469,2
DA:472,5
DA:473,5
DA:475,2
DA:476,1
DA:478,1
DA:484,1
DA:485,7
DA:489,1
DA:490,1
DA:492,1
DA:493,2
DA:495,1
DA:496,0
DA:497,0
DA:502,2
DA:504,1
DA:505,3
DA:507,2
DA:508,2
DA:509,1
DA:511,1
DA:515,1
DA:516,1
DA:517,2
DA:518,2
DA:526,1
DA:528,2
DA:529,2
DA:534,1
DA:535,2
LF:253
LH:231
end_of_record
SF:lib/features/analysis/data/fftea_frequency_analyzer.dart
DA:24,1
DA:28,1
DA:29,1
DA:30,0
DA:35,1
DA:36,2
DA:38,2
DA:42,2
DA:43,1
DA:47,3
DA:48,1
DA:49,0
DA:50,0
DA:55,1
DA:56,2
DA:57,1
DA:59,2
DA:60,1
DA:61,2
DA:64,4
DA:66,1
DA:68,1
DA:72,1
DA:78,2
DA:79,4
DA:80,2
DA:83,2
DA:84,4
DA:87,0
DA:93,0
DA:94,0
DA:95,0
DA:99,1
DA:100,1
DA:103,1
DA:104,2
DA:105,3
DA:106,2
DA:110,1
DA:111,1
DA:112,1
DA:113,2
DA:114,4
DA:117,1
DA:118,1
DA:121,3
DA:122,6
DA:124,1
DA:125,1
DA:127,2
DA:128,2
DA:129,1
DA:134,3
DA:136,2
DA:137,1
DA:140,0
DA:142,0
DA:143,0
DA:147,0
DA:148,0
DA:149,0
DA:151,0
DA:160,1
LF:63
LH:49
end_of_record
SF:lib/features/analysis/domain/audio_analysis_model.dart
DA:48,2
DA:76,0
DA:77,0
DA:80,1
DA:85,1
DA:88,1
DA:90,1
DA:92,1
DA:96,1
DA:100,1
DA:102,1
DA:103,1
DA:105,1
DA:110,1
DA:124,0
LF:15
LH:12
end_of_record
SF:lib/features/analysis/domain/audio_analysis_model.g.dart
DA:9,0
DA:10,0
DA:11,0
DA:12,0
DA:13,0
DA:14,0
DA:15,0
DA:16,0
DA:17,0
DA:18,0
DA:19,0
DA:20,0
DA:21,0
DA:22,0
DA:23,0
DA:24,0
DA:25,0
DA:26,0
DA:28,0
DA:29,0
DA:30,0
DA:31,0
DA:32,0
DA:33,0
DA:34,0
DA:35,0
DA:36,0
DA:37,0
DA:38,0
DA:39,0
DA:40,0
DA:41,0
DA:42,0
DA:43,0
DA:44,0
DA:45,0
DA:46,0
DA:47,0
DA:50,0
DA:51,0
DA:52,0
DA:53,0
DA:54,0
DA:55,0
DA:56,0
DA:57,0
DA:58,0
DA:59,0
DA:60,0
DA:61,0
DA:62,0
DA:63,0
DA:64,0
DA:65,0
DA:66,0
DA:67,0
DA:68,0
DA:69,0
DA:70,0
DA:71,0
DA:72,0
DA:73,0
DA:74,0
DA:75,0
DA:76,0
LF:65
LH:0
end_of_record
SF:lib/features/analysis/data/waveform_cache_database.dart
DA:9,1
DA:11,1
DA:15,1
DA:16,1
DA:17,1
DA:19,1
DA:22,0
DA:23,0
DA:34,1
DA:35,1
DA:36,1
DA:38,1
DA:40,1
DA:41,2
DA:47,1
DA:48,1
DA:49,1
DA:52,1
DA:55,1
DA:57,2
DA:58,1
DA:59,4
DA:62,0
DA:63,0
DA:64,0
LF:25
LH:20
end_of_record
SF:lib/features/library/data/reference_database.dart
DA:106,1
DA:107,4
LF:2
LH:2
end_of_record
SF:lib/features/analysis/data/real_rating_service.dart
DA:17,1
DA:19,1
DA:21,3
DA:24,1
DA:27,2
DA:32,1
DA:36,2
DA:37,4
DA:39,1
DA:40,4
DA:41,1
DA:43,3
DA:44,5
DA:49,0
DA:52,1
DA:53,1
DA:56,3
DA:57,3
DA:61,2
DA:62,3
DA:63,4
DA:65,1
DA:66,4
DA:71,2
DA:72,3
DA:73,4
DA:75,1
DA:76,4
DA:80,3
DA:81,1
DA:85,1
DA:86,1
DA:89,2
DA:91,0
DA:92,0
DA:93,0
DA:98,3
DA:99,2
DA:101,2
DA:104,1
DA:108,1
DA:110,1
DA:112,2
DA:113,2
DA:114,1
DA:115,1
DA:116,1
DA:117,1
DA:118,1
DA:119,1
DA:120,1
DA:122,1
DA:123,1
DA:127,2
LF:54
LH:50
end_of_record
SF:lib/features/profile/data/profile_repository.dart
DA:17,0
DA:18,0
DA:24,0
DA:27,0
DA:29,0
DA:30,0
DA:31,0
DA:32,0
DA:37,0
DA:40,0
DA:42,0
DA:45,0
DA:48,0
DA:49,0
DA:55,0
DA:57,0
DA:59,0
DA:62,0
LF:18
LH:0
end_of_record
SF:lib/features/rating/domain/rating_model.dart
DA:14,1
DA:23,0
DA:24,0
LF:3
LH:1
end_of_record
SF:lib/features/rating/domain/rating_model.g.dart
DA:9,0
DA:10,0
DA:11,0
DA:12,0
DA:13,0
DA:14,0
DA:16,0
DA:17,0
DA:18,0
DA:19,0
DA:20,0
DA:21,0
DA:24,0
DA:25,0
DA:26,0
DA:27,0
DA:28,0
DA:29,0
DA:30,0
DA:31,0
LF:20
LH:0
end_of_record
SF:lib/features/library/domain/reference_call_model.dart
DA:10,1
LF:1
LH:1
end_of_record
SF:lib/features/profile/data/local_profile_data_source.dart
DA:17,0
DA:19,0
DA:21,0
DA:23,0
DA:26,0
DA:29,0
DA:32,0
DA:37,0
DA:39,0
DA:40,0
DA:41,0
DA:45,0
DA:47,0
DA:50,0
DA:52,0
DA:53,0
DA:54,0
DA:55,0
DA:59,0
DA:61,0
DA:62,0
DA:66,0
DA:67,0
DA:69,0
DA:71,0
DA:73,0
DA:77,0
LF:27
LH:0
end_of_record
SF:lib/features/profile/domain/profile_model.dart
DA:15,2
DA:24,0
DA:25,0
DA:28,0
DA:32,0
DA:37,0
DA:38,0
DA:39,0
DA:40,0
DA:41,0
DA:42,0
DA:43,0
DA:47,0
DA:48,0
DA:57,0
DA:63,0
DA:64,0
LF:17
LH:1
end_of_record
SF:lib/features/profile/domain/profile_model.g.dart
DA:9,0
DA:10,0
DA:11,0
DA:12,0
DA:13,0
DA:14,0
DA:15,0
DA:16,0
DA:17,0
DA:21,0
DA:22,0
DA:23,0
DA:24,0
DA:25,0
DA:26,0
DA:27,0
DA:28,0
DA:31,0
DA:32,0
DA:33,0
DA:34,0
DA:37,0
DA:38,0
DA:39,0
DA:40,0
DA:41,0
LF:26
LH:0
end_of_record
SF:lib/injection_container.dart
DA:15,9
DA:17,1
DA:18,2
DA:20,2
DA:23,2
DA:26,1
DA:27,2
DA:30,2
DA:31,2
DA:34,2
DA:35,2
DA:36,0
DA:37,0
LF:13
LH:11
end_of_record
SF:lib/features/home/presentation/home_screen.dart
DA:13,1
DA:15,1
DA:16,1
DA:20,1
DA:22,1
DA:24,3
DA:25,7
DA:29,1
DA:31,3
DA:32,1
DA:33,1
DA:34,1
DA:35,0
DA:37,1
DA:38,1
DA:46,1
DA:50,1
DA:51,1
DA:52,1
DA:54,1
DA:57,1
DA:58,1
DA:60,1
DA:62,1
DA:64,1
DA:66,1
DA:67,1
DA:69,1
DA:71,1
DA:76,0
DA:77,0
DA:83,1
DA:85,1
DA:86,1
DA:87,1
DA:89,1
DA:94,0
DA:95,0
DA:100,1
DA:102,1
DA:107,0
DA:108,0
DA:119,0
DA:120,0
DA:122,0
DA:135,1
DA:136,1
DA:137,1
DA:139,1
DA:142,1
DA:148,1
DA:149,0
DA:152,1
DA:162,1
DA:163,1
DA:165,1
DA:166,1
DA:167,1
DA:169,1
DA:170,1
DA:172,2
DA:174,1
DA:176,1
DA:177,1
DA:178,1
DA:180,1
DA:181,1
DA:182,1
DA:187,2
DA:188,1
DA:196,1
DA:197,1
DA:198,1
DA:201,1
DA:202,0
DA:214,1
DA:219,1
DA:220,1
DA:221,1
DA:222,1
DA:223,1
DA:225,1
DA:227,1
DA:228,1
DA:229,1
DA:230,2
DA:232,1
DA:235,1
DA:236,1
DA:237,1
DA:239,1
DA:241,1
DA:242,1
DA:254,0
DA:255,0
DA:256,0
DA:257,0
DA:258,0
DA:259,0
DA:261,0
DA:262,0
DA:263,0
DA:264,0
DA:266,0
DA:267,0
DA:268,0
DA:272,0
DA:273,0
DA:274,0
DA:276,0
DA:277,0
DA:282,0
DA:284,0
DA:285,0
LF:114
LH:81
end_of_record
SF:lib/features/recording/presentation/recorder_page.dart
DA:14,0
DA:16,0
DA:17,0
DA:28,0
DA:30,0
DA:31,0
DA:34,0
DA:35,0
DA:38,0
DA:39,0
DA:42,0
DA:43,0
DA:47,0
DA:49,0
DA:50,0
DA:51,0
DA:52,0
DA:55,0
DA:56,0
DA:57,0
DA:59,0
DA:60,0
DA:62,0
DA:63,0
DA:64,0
DA:65,0
DA:67,0
DA:68,0
DA:72,0
DA:78,0
DA:80,0
DA:81,0
DA:82,0
DA:83,0
DA:84,0
DA:93,0
DA:94,0
DA:95,0
DA:96,0
DA:98,0
DA:99,0
DA:102,0
DA:103,0
DA:105,0
DA:106,0
DA:112,0
DA:114,0
DA:115,0
DA:118,0
DA:119,0
DA:120,0
DA:124,0
DA:126,0
DA:127,0
DA:131,0
DA:139,0
DA:140,0
DA:142,0
DA:144,0
DA:146,0
DA:147,0
DA:148,0
DA:149,0
DA:150,0
DA:152,0
DA:153,0
DA:154,0
DA:155,0
DA:157,0
DA:158,0
DA:160,0
DA:163,0
DA:164,0
DA:165,0
DA:166,0
DA:169,0
DA:170,0
DA:171,0
DA:172,0
DA:173,0
DA:174,0
DA:175,0
DA:176,0
DA:180,0
DA:181,0
DA:184,0
DA:185,0
DA:186,0
DA:187,0
DA:193,0
DA:194,0
DA:195,0
DA:196,0
DA:204,0
DA:206,0
DA:207,0
DA:208,0
DA:210,0
DA:211,0
DA:212,0
DA:222,0
DA:231,0
DA:232,0
DA:233,0
DA:234,0
DA:239,0
DA:240,0
DA:246,0
DA:247,0
DA:248,0
DA:250,0
DA:252,0
DA:253,0
DA:254,0
DA:257,0
DA:259,0
DA:263,0
DA:266,0
DA:267,0
DA:269,0
DA:270,0
DA:271,0
DA:276,0
DA:278,0
DA:288,0
DA:290,0
DA:293,0
DA:305,0
DA:306,0
DA:307,0
DA:308,0
DA:309,0
DA:310,0
DA:312,0
DA:313,0
DA:314,0
DA:315,0
DA:317,0
DA:324,0
DA:325,0
DA:326,0
DA:327,0
DA:328,0
DA:329,0
DA:331,0
DA:332,0
DA:333,0
DA:334,0
DA:335,0
DA:338,0
DA:344,0
DA:345,0
DA:346,0
DA:347,0
DA:348,0
DA:349,0
DA:350,0
DA:351,0
DA:352,0
DA:353,0
LF:160
LH:0
end_of_record
SF:lib/features/profile/presentation/profile_screen.dart
DA:9,0
DA:11,0
DA:12,0
DA:16,0
DA:18,0
DA:20,0
DA:21,0
DA:25,0
DA:27,0
DA:28,0
DA:29,0
DA:31,0
DA:32,0
DA:37,0
DA:39,0
DA:40,0
DA:42,0
DA:44,0
DA:45,0
DA:47,0
DA:48,0
DA:55,0
DA:56,0
DA:57,0
DA:59,0
DA:60,0
DA:70,0
DA:72,0
DA:73,0
DA:74,0
DA:80,0
DA:82,0
DA:85,0
DA:86,0
DA:91,0
DA:94,0
DA:95,0
DA:96,0
DA:97,0
DA:99,0
DA:100,0
DA:101,0
DA:102,0
DA:104,0
DA:105,0
DA:117,0
DA:118,0
DA:120,0
DA:122,0
DA:123,0
DA:124,0
DA:125,0
DA:132,0
DA:133,0
DA:134,0
LF:55
LH:0
end_of_record
SF:lib/features/library/presentation/library_screen.dart
DA:10,2
DA:12,0
DA:13,0
DA:20,0
DA:22,0
DA:23,0
DA:26,0
DA:27,0
DA:28,0
DA:29,0
DA:31,0
DA:33,0
DA:34,0
DA:35,0
DA:37,0
DA:38,0
DA:41,0
DA:42,0
DA:43,0
DA:50,0
DA:52,0
DA:54,0
DA:55,0
DA:59,0
DA:67,0
DA:68,0
DA:70,0
DA:71,0
DA:72,0
DA:73,0
DA:74,0
DA:82,0
DA:83,0
DA:85,0
DA:86,0
DA:87,0
DA:88,0
DA:89,0
DA:91,0
DA:93,0
DA:94,0
DA:95,0
DA:96,0
DA:98,0
DA:99,0
DA:102,0
DA:103,0
DA:105,0
DA:106,0
DA:107,0
DA:110,0
DA:111,0
DA:114,0
DA:124,0
DA:125,0
DA:127,0
DA:128,0
DA:129,0
DA:130,0
DA:137,0
DA:138,0
DA:139,0
DA:141,0
DA:143,0
DA:157,0
DA:158,0
DA:160,0
DA:161,0
DA:162,0
DA:164,0
DA:166,0
DA:167,0
DA:169,0
LF:73
LH:1
end_of_record
SF:lib/features/rating/presentation/rating_screen.dart
DA:13,0
DA:15,0
DA:16,0
DA:22,0
DA:24,0
DA:25,0
DA:27,0
DA:29,0
DA:30,0
DA:31,0
DA:32,0
DA:36,0
DA:38,0
DA:39,0
DA:40,0
DA:41,0
DA:44,0
DA:46,0
DA:49,0
DA:50,0
DA:51,0
DA:56,0
DA:58,0
DA:61,0
DA:74,0
DA:77,0
DA:78,0
DA:81,0
DA:82,0
DA:84,0
DA:85,0
DA:86,0
DA:88,0
DA:90,0
DA:92,0
DA:93,0
DA:94,0
DA:95,0
DA:97,0
DA:98,0
DA:99,0
DA:100,0
DA:101,0
DA:102,0
DA:103,0
DA:104,0
DA:112,0
DA:114,0
DA:116,0
DA:117,0
DA:119,0
DA:120,0
DA:125,0
DA:126,0
DA:127,0
DA:128,0
DA:129,0
DA:131,0
DA:132,0
DA:135,0
DA:136,0
DA:139,0
DA:142,0
DA:146,0
DA:151,0
DA:152,0
DA:154,0
DA:155,0
DA:156,0
DA:157,0
DA:159,0
DA:160,0
DA:161,0
DA:163,0
DA:166,0
DA:170,0
DA:176,0
DA:177,0
DA:178,0
DA:179,0
DA:180,0
DA:181,0
DA:183,0
DA:185,0
DA:186,0
DA:187,0
DA:188,0
DA:190,0
DA:191,0
DA:192,0
DA:194,0
DA:196,0
DA:197,0
DA:198,0
DA:199,0
DA:201,0
DA:204,0
DA:205,0
DA:206,0
DA:208,0
DA:209,0
DA:212,0
DA:213,0
DA:214,0
DA:216,0
DA:222,0
DA:224,0
DA:226,0
DA:227,0
DA:228,0
DA:230,0
DA:237,0
DA:238,0
DA:240,0
DA:241,0
DA:245,0
DA:247,0
DA:248,0
DA:249,0
DA:251,0
DA:252,0
DA:253,0
DA:254,0
DA:259,0
DA:262,0
DA:264,0
DA:267,0
DA:268,0
DA:269,0
DA:274,0
DA:275,0
DA:276,0
DA:278,0
DA:279,0
DA:280,0
DA:281,0
DA:287,0
DA:288,0
DA:292,0
DA:293,0
DA:295,0
DA:296,0
DA:297,0
DA:298,0
DA:313,0
DA:314,0
DA:315,0
DA:316,0
DA:317,0
DA:319,0
DA:321,0
DA:326,0
DA:327,0
DA:329,0
DA:330,0
DA:331,0
DA:332,0
DA:334,0
DA:336,0
DA:337,0
DA:339,0
DA:340,0
DA:341,0
DA:344,0
DA:346,0
DA:347,0
DA:348,0
DA:350,0
DA:357,0
DA:358,0
DA:360,0
DA:361,0
DA:362,0
DA:363,0
DA:365,0
DA:369,0
DA:370,0
DA:371,0
DA:372,0
DA:375,0
DA:376,0
DA:377,0
DA:378,0
DA:381,0
DA:382,0
DA:383,0
DA:384,0
DA:387,0
DA:388,0
DA:389,0
DA:395,0
DA:396,0
DA:398,0
DA:399,0
DA:400,0
DA:401,0
DA:403,0
DA:405,0
DA:406,0
DA:407,0
DA:408,0
DA:410,0
DA:415,0
DA:416,0
DA:417,0
DA:418,0
DA:421,0
DA:424,0
DA:425,0
DA:426,0
DA:428,0
DA:433,0
DA:435,0
DA:442,0
DA:443,0
DA:444,0
DA:446,0
DA:447,0
DA:451,0
DA:454,0
DA:455,0
DA:456,0
DA:458,0
DA:460,0
DA:461,0
DA:463,0
DA:464,0
DA:465,0
DA:469,0
DA:470,0
DA:471,0
DA:472,0
DA:474,0
DA:475,0
DA:483,0
DA:484,0
DA:486,0
DA:487,0
DA:488,0
DA:489,0
DA:491,0
DA:493,0
DA:496,0
DA:497,0
DA:499,0
DA:507,0
DA:508,0
DA:510,0
DA:511,0
DA:512,0
DA:516,0
DA:518,0
DA:523,0
DA:525,0
DA:526,0
LF:255
LH:0
end_of_record
SF:lib/features/rating/presentation/widgets/waveform_overlay.dart
DA:9,0
DA:16,0
DA:18,0
DA:19,0
DA:21,0
DA:22,0
DA:23,0
DA:24,0
DA:25,0
DA:26,0
DA:27,0
DA:33,0
DA:35,0
DA:36,0
DA:38,0
DA:39,0
DA:41,0
DA:42,0
DA:43,0
DA:50,0
DA:51,0
DA:59,0
DA:60,0
DA:61,0
DA:63,0
DA:69,0
DA:70,0
DA:77,0
DA:78,0
DA:79,0
DA:80,0
DA:83,0
DA:85,0
DA:86,0
DA:90,0
DA:91,0
DA:102,0
DA:103,0
DA:104,0
DA:105,0
DA:109,0
DA:111,0
DA:114,0
DA:116,0
DA:118,0
DA:119,0
DA:120,0
DA:123,0
DA:125,0
DA:126,0
DA:128,0
DA:131,0
DA:132,0
DA:134,0
DA:135,0
DA:136,0
DA:137,0
DA:138,0
DA:142,0
DA:143,0
DA:144,0
DA:145,0
DA:147,0
DA:148,0
DA:149,0
DA:150,0
LF:66
LH:0
end_of_record
SF:lib/features/recording/data/real_audio_recorder_service.dart
DA:42,0
DA:43,0
DA:45,0
DA:46,0
DA:48,0
DA:49,0
DA:51,0
DA:53,0
DA:55,0
DA:56,0
DA:57,0
DA:60,0
DA:63,0
DA:65,0
DA:69,0
DA:71,0
DA:74,0
DA:76,0
DA:77,0
DA:80,0
DA:83,0
DA:89,0
DA:90,0
DA:92,0
DA:101,0
DA:103,0
DA:104,0
DA:105,0
DA:106,0
DA:111,0
DA:112,0
DA:117,0
DA:120,0
DA:122,0
DA:125,0
DA:127,0
DA:129,0
DA:133,0
DA:137,0
DA:138,0
DA:139,0
DA:140,0
DA:142,0
DA:144,0
DA:145,0
DA:148,0
DA:149,0
DA:153,0
DA:155,0
DA:156,0
LF:50
LH:0
end_of_record
SF:lib/features/recording/presentation/widgets/live_visualizer.dart
DA:8,0
DA:15,0
DA:17,0
DA:20,0
DA:21,0
DA:22,0
DA:23,0
DA:24,0
DA:36,0
DA:42,0
DA:44,0
DA:46,0
DA:47,0
DA:48,0
DA:49,0
DA:51,0
DA:52,0
DA:53,0
DA:55,0
DA:56,0
DA:57,0
DA:60,0
DA:63,0
DA:64,0
DA:65,0
DA:66,0
DA:77,0
DA:79,0
DA:80,0
LF:29
LH:0
end_of_record
SF:lib/providers/auth_provider.dart
DA:6,0
DA:7,0
DA:11,0
DA:12,0
DA:13,0
DA:18,0
DA:20,0
DA:23,0
DA:24,0
DA:26,0
DA:28,0
DA:32,0
DA:33,0
DA:35,0
DA:37,0
DA:42,0
DA:43,0
LF:17
LH:0
end_of_record
SF:lib/providers/profile_provider.dart
DA:10,8
DA:11,4
DA:15,8
DA:16,4
DA:17,0
DA:27,2
DA:34,2
DA:40,2
DA:41,2
DA:42,2
DA:43,0
DA:51,2
DA:56,8
DA:59,1
DA:60,3
DA:62,1
DA:63,0
DA:65,4
DA:70,1
DA:71,3
DA:73,1
DA:74,0
DA:76,4
DA:81,0
DA:82,0
DA:84,0
DA:85,0
DA:86,0
DA:93,0
DA:99,0
DA:101,0
DA:103,0
DA:105,0
DA:110,8
DA:111,2
LF:35
LH:21
end_of_record
SF:lib/providers/recording_provider.dart
DA:6,0
DA:7,0
DA:19,2
DA:26,0
DA:28,0
DA:34,0
DA:35,0
DA:36,0
DA:38,0
DA:45,0
DA:50,0
DA:53,0
DA:54,0
DA:56,0
DA:57,0
DA:59,0
DA:64,0
DA:65,0
DA:67,0
DA:69,0
DA:72,0
DA:74,0
DA:79,0
DA:85,0
DA:86,0
DA:88,0
DA:89,0
DA:92,0
DA:98,0
DA:99,0
DA:100,0
DA:101,0
DA:103,0
DA:107,0
DA:108,0
DA:112,0
DA:113,0
DA:117,0
DA:118,0
DA:119,0
LF:40
LH:1
end_of_record
SF:lib/providers/rating_provider.dart
DA:10,0
DA:11,0
DA:15,0
DA:16,0
DA:25,2
DA:31,0
DA:36,0
DA:37,0
DA:38,0
DA:46,0
DA:51,0
DA:54,0
DA:55,0
DA:56,0
DA:58,0
DA:59,0
DA:60,0
DA:63,0
DA:64,0
DA:70,0
DA:71,0
DA:72,0
DA:76,0
DA:77,0
DA:78,0
DA:80,0
DA:84,0
DA:94,0
DA:95,0
LF:29
LH:1
end_of_record
SF:lib/features/auth/presentation/login_screen.dart
DA:9,1
DA:11,1
DA:12,1
DA:16,1
DA:18,1
DA:20,3
DA:21,5
DA:25,0
DA:26,0
DA:27,0
DA:30,0
DA:33,0
DA:34,0
DA:35,0
DA:39,1
DA:41,3
DA:42,1
DA:43,1
DA:45,1
DA:46,1
DA:54,1
DA:55,1
DA:56,1
DA:58,1
DA:60,1
DA:62,1
DA:66,1
DA:69,1
DA:78,1
DA:81,1
DA:88,1
DA:90,1
DA:94,0
DA:95,1
DA:96,1
DA:98,0
DA:100,0
DA:102,0
DA:103,0
DA:104,0
DA:105,0
DA:106,0
DA:110,1
DA:111,1
DA:112,1
DA:113,1
DA:117,2
DA:122,1
DA:133,1
DA:134,1
DA:136,1
DA:137,1
DA:138,1
DA:139,2
DA:149,0
DA:150,0
DA:151,0
DA:152,0
DA:153,0
DA:154,0
DA:155,0
DA:156,0
DA:158,0
DA:159,0
DA:160,0
DA:161,0
DA:163,0
DA:164,0
DA:165,0
DA:166,0
DA:168,0
DA:171,0
DA:172,0
DA:174,0
DA:175,0
DA:176,0
DA:177,0
DA:194,1
DA:196,0
DA:197,0
DA:207,0
DA:209,0
DA:210,0
DA:213,0
DA:215,0
DA:216,0
DA:219,0
DA:220,0
DA:221,0
DA:222,0
DA:226,0
DA:228,0
DA:229,0
DA:230,0
DA:237,0
DA:240,0
DA:243,0
DA:244,0
DA:249,0
DA:255,0
DA:259,0
DA:265,0
DA:266,0
DA:267,0
DA:270,0
DA:271,0
LF:106
LH:40
end_of_record
SF:lib/main.dart
DA:10,0
DA:11,0
DA:12,0
DA:13,0
DA:17,1
DA:19,1
DA:22,1
DA:23,2
DA:24,1
DA:25,1
DA:26,1
DA:29,1
LF:12
LH:8
end_of_record
SF:lib/core/theme/theme_notifier.dart
DA:6,0
DA:8,0
DA:10,0
DA:11,0
DA:12,0
DA:15,0
DA:19,0
DA:25,0
DA:29,0
LF:9
LH:0
end_of_record
SF:lib/features/auth/presentation/auth_wrapper.dart
DA:9,1
DA:11,0
DA:13,0
DA:15,0
DA:16,0
DA:20,0
DA:22,0
DA:27,0
DA:28,0
DA:29,0
DA:31,0
DA:34,0
DA:36,0
DA:37,0
LF:14
LH:1
end_of_record
SF:lib/features/splash/presentation/splash_screen.dart
DA:7,1
DA:9,1
DA:10,1
DA:14,1
DA:16,1
DA:17,1
DA:18,0
DA:19,0
DA:20,0
DA:26,1
DA:28,1
DA:29,1
DA:30,1
DA:32,1
DA:33,1
DA:35,1
DA:36,1
DA:37,1
DA:38,1
DA:39,1
DA:40,1
DA:50,1
DA:51,1
DA:52,1
DA:56,1
DA:57,1
LF:26
LH:23
end_of_record
SF:lib/theme/app_theme.dart
DA:5,3
DA:15,3
DA:16,1
DA:19,1
LF:4
LH:4
end_of_record
